
*** Running vivado
    with args -log mux_four_to_one.vds -m64 -product Vivado -mode batch -messageDb vivado.pb -notrace -source mux_four_to_one.tcl



****** Vivado v2024.1 (64-bit)
  **** SW Build 5076996 on Wed May 22 18:37:14 MDT 2024
  **** IP Build 5075265 on Wed May 22 21:45:21 MDT 2024
  **** SharedData Build 5076995 on Wed May 22 18:29:18 MDT 2024
  **** Start of session at: Fri May  2 11:55:25 2025
    ** Copyright 1986-2022 Xilinx, Inc. All Rights Reserved.
    ** Copyright 2022-2024 Advanced Micro Devices, Inc. All Rights Reserved.

source mux_four_to_one.tcl -notrace
create_project: Time (s): cpu = 00:00:13 ; elapsed = 00:00:18 . Memory (MB): peak = 611.992 ; gain = 199.367
Command: read_checkpoint -auto_incremental -incremental D:/2025/Learning/FPGA_Projects/bheavourial_modeling/bheavourial_modeling.srcs/utils_1/imports/synth_1/mux_four_to_one.dcp
INFO: [Vivado 12-5825] Read reference checkpoint from D:/2025/Learning/FPGA_Projects/bheavourial_modeling/bheavourial_modeling.srcs/utils_1/imports/synth_1/mux_four_to_one.dcp for incremental synthesis
INFO: [Vivado 12-7989] Please ensure there are no constraint changes
Command: synth_design -top mux_four_to_one -part xczu9eg-ffvb1156-2-e
Starting synth_design
Attempting to get a license for feature 'Synthesis' and/or device 'xczu9eg'
INFO: [Common 17-349] Got license for feature 'Synthesis' and/or device 'xczu9eg'
INFO: [Device 21-403] Loading part xczu9eg-ffvb1156-2-e
INFO: [Designutils 20-5440] No compile time benefit to using incremental synthesis; A full resynthesis will be run
INFO: [Designutils 20-4379] Flow is switching to default flow due to incremental criteria not met. If you would like to alter this behaviour and have the flow terminate instead, please set the following parameter config_implementation {autoIncr.Synth.RejectBehavior Terminate}
INFO: [Synth 8-7079] Multithreading enabled for synth_design using a maximum of 2 processes.
INFO: [Synth 8-7078] Launching helper process for spawning children vivado processes
INFO: [Synth 8-7075] Helper process launched with PID 32080
---------------------------------------------------------------------------------
Starting RTL Elaboration : Time (s): cpu = 00:00:09 ; elapsed = 00:00:16 . Memory (MB): peak = 2030.613 ; gain = 405.414
---------------------------------------------------------------------------------
INFO: [Synth 8-6157] synthesizing module 'mux_four_to_one' [D:/2025/Learning/FPGA_Projects/bheavourial_modeling/bheavourial_modeling.srcs/sources_1/new/mux_four_to_one.v:3]
INFO: [Synth 8-6155] done synthesizing module 'mux_four_to_one' (0#1) [D:/2025/Learning/FPGA_Projects/bheavourial_modeling/bheavourial_modeling.srcs/sources_1/new/mux_four_to_one.v:3]
---------------------------------------------------------------------------------
Finished RTL Elaboration : Time (s): cpu = 00:00:12 ; elapsed = 00:00:21 . Memory (MB): peak = 2139.742 ; gain = 514.543
---------------------------------------------------------------------------------
---------------------------------------------------------------------------------
Start Handling Custom Attributes
---------------------------------------------------------------------------------
---------------------------------------------------------------------------------
Finished Handling Custom Attributes : Time (s): cpu = 00:00:12 ; elapsed = 00:00:22 . Memory (MB): peak = 2139.742 ; gain = 514.543
---------------------------------------------------------------------------------
---------------------------------------------------------------------------------
Finished RTL Optimization Phase 1 : Time (s): cpu = 00:00:12 ; elapsed = 00:00:22 . Memory (MB): peak = 2139.742 ; gain = 514.543
---------------------------------------------------------------------------------
Netlist sorting complete. Time (s): cpu = 00:00:00 ; elapsed = 00:00:00 . Memory (MB): peak = 2139.742 ; gain = 0.000
INFO: [Project 1-570] Preparing netlist for logic optimization

Processing XDC Constraints
Initializing timing engine
Parsing XDC File [D:/2025/Learning/FPGA_Projects/bheavourial_modeling/bheavourial_modeling.srcs/constrs_1/new/mainconst.xdc]
CRITICAL WARNING: [Designutils 20-1307] Command '<' is not supported in the xdc constraint file. [D:/2025/Learning/FPGA_Projects/bheavourial_modeling/bheavourial_modeling.srcs/constrs_1/new/mainconst.xdc:19]
WARNING: [Vivado 12-584] No ports matched 'c_in'. [D:/2025/Learning/FPGA_Projects/bheavourial_modeling/bheavourial_modeling.srcs/constrs_1/new/mainconst.xdc:24]
CRITICAL WARNING: [Common 17-55] 'set_property' expects at least one object. [D:/2025/Learning/FPGA_Projects/bheavourial_modeling/bheavourial_modeling.srcs/constrs_1/new/mainconst.xdc:24]
Resolution: If [get_<value>] was used to populate the object, check to make sure this command returns at least one valid object.
WARNING: [Vivado 12-584] No ports matched 'c_in'. [D:/2025/Learning/FPGA_Projects/bheavourial_modeling/bheavourial_modeling.srcs/constrs_1/new/mainconst.xdc:25]
CRITICAL WARNING: [Common 17-55] 'set_property' expects at least one object. [D:/2025/Learning/FPGA_Projects/bheavourial_modeling/bheavourial_modeling.srcs/constrs_1/new/mainconst.xdc:25]
Resolution: If [get_<value>] was used to populate the object, check to make sure this command returns at least one valid object.
Finished Parsing XDC File [D:/2025/Learning/FPGA_Projects/bheavourial_modeling/bheavourial_modeling.srcs/constrs_1/new/mainconst.xdc]
INFO: [Project 1-236] Implementation specific constraints were found while reading constraint file [D:/2025/Learning/FPGA_Projects/bheavourial_modeling/bheavourial_modeling.srcs/constrs_1/new/mainconst.xdc]. These constraints will be ignored for synthesis but will be used in implementation. Impacted constraints are listed in the file [.Xil/mux_four_to_one_propImpl.xdc].
Resolution: To avoid this warning, move constraints listed in [.Xil/mux_four_to_one_propImpl.xdc] to another XDC file and exclude this new file from synthesis with the used_in_synthesis property (File Properties dialog in GUI) and re-run elaboration/synthesis.
Completed Processing XDC Constraints

Netlist sorting complete. Time (s): cpu = 00:00:00 ; elapsed = 00:00:00 . Memory (MB): peak = 2141.707 ; gain = 0.000
INFO: [Project 1-111] Unisim Transformation Summary:
No Unisim elements were transformed.

Constraint Validation Runtime : Time (s): cpu = 00:00:00 ; elapsed = 00:00:00.068 . Memory (MB): peak = 2141.707 ; gain = 0.000
INFO: [Designutils 20-5440] No compile time benefit to using incremental synthesis; A full resynthesis will be run
INFO: [Designutils 20-4379] Flow is switching to default flow due to incremental criteria not met. If you would like to alter this behaviour and have the flow terminate instead, please set the following parameter config_implementation {autoIncr.Synth.RejectBehavior Terminate}
---------------------------------------------------------------------------------
Finished Constraint Validation : Time (s): cpu = 00:00:29 ; elapsed = 00:00:44 . Memory (MB): peak = 2141.707 ; gain = 516.508
---------------------------------------------------------------------------------
---------------------------------------------------------------------------------
Start Loading Part and Timing Information
---------------------------------------------------------------------------------
Loading part: xczu9eg-ffvb1156-2-e
INFO: [Synth 8-6742] Reading net delay rules and data
---------------------------------------------------------------------------------
Finished Loading Part and Timing Information : Time (s): cpu = 00:00:29 ; elapsed = 00:00:44 . Memory (MB): peak = 2141.707 ; gain = 516.508
---------------------------------------------------------------------------------
---------------------------------------------------------------------------------
Start Applying 'set_property' XDC Constraints
---------------------------------------------------------------------------------
---------------------------------------------------------------------------------
Finished applying 'set_property' XDC Constraints : Time (s): cpu = 00:00:29 ; elapsed = 00:00:44 . Memory (MB): peak = 2141.707 ; gain = 516.508
---------------------------------------------------------------------------------
---------------------------------------------------------------------------------
Finished RTL Optimization Phase 2 : Time (s): cpu = 00:00:29 ; elapsed = 00:00:45 . Memory (MB): peak = 2141.707 ; gain = 516.508
---------------------------------------------------------------------------------
---------------------------------------------------------------------------------
Start RTL Component Statistics 
---------------------------------------------------------------------------------
Detailed RTL Component Info : 
+---Muxes : 
	   4 Input    1 Bit        Muxes := 1     
---------------------------------------------------------------------------------
Finished RTL Component Statistics 
---------------------------------------------------------------------------------
---------------------------------------------------------------------------------
Start Part Resource Summary
---------------------------------------------------------------------------------
Part Resources:
DSPs: 2520 (col length:168)
BRAMs: 1824 (col length: RAMB18 168 RAMB36 84)
---------------------------------------------------------------------------------
Finished Part Resource Summary
---------------------------------------------------------------------------------
---------------------------------------------------------------------------------
Start Cross Boundary and Area Optimization
---------------------------------------------------------------------------------
WARNING: [Synth 8-7080] Parallel synthesis criteria is not met
---------------------------------------------------------------------------------
Finished Cross Boundary and Area Optimization : Time (s): cpu = 00:00:33 ; elapsed = 00:00:49 . Memory (MB): peak = 2141.707 ; gain = 516.508
---------------------------------------------------------------------------------
---------------------------------------------------------------------------------
Start Applying XDC Timing Constraints
---------------------------------------------------------------------------------
---------------------------------------------------------------------------------
Finished Applying XDC Timing Constraints : Time (s): cpu = 00:00:58 ; elapsed = 00:01:19 . Memory (MB): peak = 2654.129 ; gain = 1028.930
---------------------------------------------------------------------------------
---------------------------------------------------------------------------------
Start Timing Optimization
---------------------------------------------------------------------------------
---------------------------------------------------------------------------------
Finished Timing Optimization : Time (s): cpu = 00:00:58 ; elapsed = 00:01:19 . Memory (MB): peak = 2654.395 ; gain = 1029.195
---------------------------------------------------------------------------------
---------------------------------------------------------------------------------
Start Technology Mapping
---------------------------------------------------------------------------------
---------------------------------------------------------------------------------
Finished Technology Mapping : Time (s): cpu = 00:00:58 ; elapsed = 00:01:19 . Memory (MB): peak = 2663.961 ; gain = 1038.762
---------------------------------------------------------------------------------
---------------------------------------------------------------------------------
Start IO Insertion
---------------------------------------------------------------------------------
---------------------------------------------------------------------------------
Start Flattening Before IO Insertion
---------------------------------------------------------------------------------
---------------------------------------------------------------------------------
Finished Flattening Before IO Insertion
---------------------------------------------------------------------------------
---------------------------------------------------------------------------------
Start Final Netlist Cleanup
---------------------------------------------------------------------------------
---------------------------------------------------------------------------------
Finished Final Netlist Cleanup
---------------------------------------------------------------------------------
---------------------------------------------------------------------------------
Finished IO Insertion : Time (s): cpu = 00:01:09 ; elapsed = 00:01:30 . Memory (MB): peak = 2679.742 ; gain = 1054.543
---------------------------------------------------------------------------------
---------------------------------------------------------------------------------
Start Renaming Generated Instances
---------------------------------------------------------------------------------
---------------------------------------------------------------------------------
Finished Renaming Generated Instances : Time (s): cpu = 00:01:09 ; elapsed = 00:01:30 . Memory (MB): peak = 2679.742 ; gain = 1054.543
---------------------------------------------------------------------------------
---------------------------------------------------------------------------------
Start Rebuilding User Hierarchy
---------------------------------------------------------------------------------
---------------------------------------------------------------------------------
Finished Rebuilding User Hierarchy : Time (s): cpu = 00:01:09 ; elapsed = 00:01:30 . Memory (MB): peak = 2679.742 ; gain = 1054.543
---------------------------------------------------------------------------------
---------------------------------------------------------------------------------
Start Renaming Generated Ports
---------------------------------------------------------------------------------
---------------------------------------------------------------------------------
Finished Renaming Generated Ports : Time (s): cpu = 00:01:09 ; elapsed = 00:01:30 . Memory (MB): peak = 2679.742 ; gain = 1054.543
---------------------------------------------------------------------------------
---------------------------------------------------------------------------------
Start Handling Custom Attributes
---------------------------------------------------------------------------------
---------------------------------------------------------------------------------
Finished Handling Custom Attributes : Time (s): cpu = 00:01:09 ; elapsed = 00:01:30 . Memory (MB): peak = 2679.742 ; gain = 1054.543
---------------------------------------------------------------------------------
---------------------------------------------------------------------------------
Start Renaming Generated Nets
---------------------------------------------------------------------------------
---------------------------------------------------------------------------------
Finished Renaming Generated Nets : Time (s): cpu = 00:01:09 ; elapsed = 00:01:30 . Memory (MB): peak = 2679.742 ; gain = 1054.543
---------------------------------------------------------------------------------
---------------------------------------------------------------------------------
Start Writing Synthesis Report
---------------------------------------------------------------------------------

Report BlackBoxes: 
+-+--------------+----------+
| |BlackBox name |Instances |
+-+--------------+----------+
+-+--------------+----------+

Report Cell Usage: 
+------+-----+------+
|      |Cell |Count |
+------+-----+------+
|1     |LUT6 |     1|
|2     |IBUF |     6|
|3     |OBUF |     1|
+------+-----+------+
---------------------------------------------------------------------------------
Finished Writing Synthesis Report : Time (s): cpu = 00:01:09 ; elapsed = 00:01:30 . Memory (MB): peak = 2679.742 ; gain = 1054.543
---------------------------------------------------------------------------------
Synthesis finished with 0 errors, 0 critical warnings and 1 warnings.
Synthesis Optimization Runtime : Time (s): cpu = 00:00:53 ; elapsed = 00:01:23 . Memory (MB): peak = 2679.742 ; gain = 1052.578
Synthesis Optimization Complete : Time (s): cpu = 00:01:10 ; elapsed = 00:01:32 . Memory (MB): peak = 2679.742 ; gain = 1054.543
INFO: [Project 1-571] Translating synthesized netlist
Netlist sorting complete. Time (s): cpu = 00:00:00 ; elapsed = 00:00:00.044 . Memory (MB): peak = 2679.742 ; gain = 0.000
INFO: [Netlist 29-17] Analyzing 6 Unisim elements for replacement
INFO: [Netlist 29-28] Unisim Transformation completed in 0 CPU seconds
INFO: [Project 1-570] Preparing netlist for logic optimization
INFO: [Opt 31-138] Pushed 0 inverter(s) to 0 load pin(s).
Netlist sorting complete. Time (s): cpu = 00:00:00 ; elapsed = 00:00:00 . Memory (MB): peak = 2679.742 ; gain = 0.000
INFO: [Project 1-111] Unisim Transformation Summary:
  A total of 6 instances were transformed.
  IBUF => IBUF (IBUFCTRL, INBUF): 6 instances

Synth Design complete | Checksum: d8cd8cf3
INFO: [Common 17-83] Releasing license: Synthesis
24 Infos, 3 Warnings, 3 Critical Warnings and 0 Errors encountered.
synth_design completed successfully
synth_design: Time (s): cpu = 00:01:27 ; elapsed = 00:02:00 . Memory (MB): peak = 2679.742 ; gain = 2062.820
INFO: [runtcl-6] Synthesis results are not added to the cache due to CRITICAL_WARNING
Write ShapeDB Complete: Time (s): cpu = 00:00:00 ; elapsed = 00:00:00.001 . Memory (MB): peak = 2679.742 ; gain = 0.000
INFO: [Common 17-1381] The checkpoint 'D:/2025/Learning/FPGA_Projects/bheavourial_modeling/bheavourial_modeling.runs/synth_1/mux_four_to_one.dcp' has been generated.
INFO: [Vivado 12-24828] Executing command : report_utilization -file mux_four_to_one_utilization_synth.rpt -pb mux_four_to_one_utilization_synth.pb
INFO: [Common 17-206] Exiting Vivado at Fri May  2 11:58:09 2025...
