Release 14.2 - xst P.28xd (nt64)
Copyright (c) 1995-2012 Xilinx, Inc.  All rights reserved.
--> Parameter TMPDIR set to xst/projnav.tmp


Total REAL time to Xst completion: 0.00 secs
Total CPU time to Xst completion: 0.11 secs
 
--> Parameter xsthdpdir set to xst


Total REAL time to Xst completion: 0.00 secs
Total CPU time to Xst completion: 0.11 secs
 
--> Reading design: ALU_LCD.prj

TABLE OF CONTENTS
  1) Synthesis Options Summary
  2) HDL Compilation
  3) Design Hierarchy Analysis
  4) HDL Analysis
  5) HDL Synthesis
     5.1) HDL Synthesis Report
  6) Advanced HDL Synthesis
     6.1) Advanced HDL Synthesis Report
  7) Low Level Synthesis
  8) Partition Report
  9) Final Report
	9.1) Device utilization summary
	9.2) Partition Resource Summary
	9.3) TIMING REPORT


=========================================================================
*                      Synthesis Options Summary                        *
=========================================================================
---- Source Parameters
Input File Name                    : "ALU_LCD.prj"
Input Format                       : mixed
Ignore Synthesis Constraint File   : NO

---- Target Parameters
Output File Name                   : "ALU_LCD"
Output Format                      : NGC
Target Device                      : xc3s500e-5-fg320

---- Source Options
Top Module Name                    : ALU_LCD
Automatic FSM Extraction           : YES
FSM Encoding Algorithm             : Auto
Safe Implementation                : No
FSM Style                          : LUT
RAM Extraction                     : Yes
RAM Style                          : Auto
ROM Extraction                     : Yes
Mux Style                          : Auto
Decoder Extraction                 : YES
Priority Encoder Extraction        : Yes
Shift Register Extraction          : YES
Logical Shifter Extraction         : YES
XOR Collapsing                     : YES
ROM Style                          : Auto
Mux Extraction                     : Yes
Resource Sharing                   : YES
Asynchronous To Synchronous        : NO
Multiplier Style                   : Auto
Automatic Register Balancing       : No

---- Target Options
Add IO Buffers                     : YES
Global Maximum Fanout              : 100000
Add Generic Clock Buffer(BUFG)     : 24
Register Duplication               : YES
Slice Packing                      : YES
Optimize Instantiated Primitives   : NO
Use Clock Enable                   : Yes
Use Synchronous Set                : Yes
Use Synchronous Reset              : Yes
Pack IO Registers into IOBs        : Auto
Equivalent register Removal        : YES

---- General Options
Optimization Goal                  : Speed
Optimization Effort                : 1
Keep Hierarchy                     : No
Netlist Hierarchy                  : As_Optimized
RTL Output                         : Yes
Global Optimization                : AllClockNets
Read Cores                         : YES
Write Timing Constraints           : NO
Cross Clock Analysis               : NO
Hierarchy Separator                : /
Bus Delimiter                      : <>
Case Specifier                     : Maintain
Slice Utilization Ratio            : 100
BRAM Utilization Ratio             : 100
Verilog 2001                       : YES
Auto BRAM Packing                  : NO
Slice Utilization Ratio Delta      : 5

=========================================================================


=========================================================================
*                          HDL Compilation                              *
=========================================================================
Compiling verilog file "ALU.v" in library work
WARNING:HDLCompilers:298 - "ALU.v" line 27 Too many digits specified in decimal constant
WARNING:HDLCompilers:298 - "ALU.v" line 28 Too many digits specified in decimal constant
WARNING:HDLCompilers:298 - "ALU.v" line 29 Too many digits specified in decimal constant
WARNING:HDLCompilers:298 - "ALU.v" line 29 Too many digits specified in decimal constant
Module <map> compiled
Module <debouncer> compiled
Module <ALU> compiled
Module <ALU_LCD> compiled
No errors in compilation
Analysis of file <"ALU_LCD.prj"> succeeded.
 

=========================================================================
*                     Design Hierarchy Analysis                         *
=========================================================================
Analyzing hierarchy for module <ALU_LCD> in library <work>.

Analyzing hierarchy for module <map> in library <work>.

Analyzing hierarchy for module <ALU> in library <work>.

Analyzing hierarchy for module <debouncer> in library <work>.


=========================================================================
*                            HDL Analysis                               *
=========================================================================
Analyzing top module <ALU_LCD>.
WARNING:Xst:863 - "ALU.v" line 232: Name conflict (<A> and <a>, renaming A as a_rnm0).
WARNING:Xst:863 - "ALU.v" line 231: Name conflict (<B> and <b>, renaming B as b_rnm0).
WARNING:Xst:852 - "ALU.v" line 246: Unconnected input port 'pb_A' of instance 'uut' is tied to GND.
WARNING:Xst:852 - "ALU.v" line 246: Unconnected input port 'pb_B' of instance 'uut' is tied to GND.
WARNING:Xst:852 - "ALU.v" line 246: Unconnected input port 'clk' of instance 'uut' is tied to GND.
Module <ALU_LCD> is correct for synthesis.
 
    Set user-defined property "LOC =  C9" for signal <clk> in unit <ALU_LCD>.
    Set user-defined property "LOC =  H13" for signal <rst> in unit <ALU_LCD>.
    Set user-defined property "LOC =  D16" for signal <sf_e> in unit <ALU_LCD>.
    Set user-defined property "LOC =  M18" for signal <e> in unit <ALU_LCD>.
    Set user-defined property "LOC =  L18" for signal <rs> in unit <ALU_LCD>.
    Set user-defined property "LOC =  L17" for signal <rw> in unit <ALU_LCD>.
    Set user-defined property "LOC =  M15" for signal <d> in unit <ALU_LCD>.
    Set user-defined property "LOC =  P17" for signal <c> in unit <ALU_LCD>.
    Set user-defined property "LOC =  R16" for signal <b> in unit <ALU_LCD>.
    Set user-defined property "LOC =  R15" for signal <a> in unit <ALU_LCD>.
Analyzing module <map> in library <work>.
Module <map> is correct for synthesis.
 
Analyzing module <ALU> in library <work>.
Module <ALU> is correct for synthesis.
 
Analyzing module <debouncer> in library <work>.
Module <debouncer> is correct for synthesis.
 

=========================================================================
*                           HDL Synthesis                               *
=========================================================================

Performing bidirectional port resolution...

Synthesizing Unit <map>.
    Related source file is "ALU.v".
Unit <map> synthesized.


Synthesizing Unit <debouncer>.
    Related source file is "ALU.v".
    Found 1-bit register for signal <PB_state>.
    Found 16-bit up counter for signal <PB_cnt>.
    Found 1-bit xor2 for signal <PB_cnt$xor0000> created at line 45.
    Found 1-bit register for signal <PB_sync_0>.
    Found 1-bit register for signal <PB_sync_1>.
    Summary:
	inferred   1 Counter(s).
	inferred   3 D-type flip-flop(s).
Unit <debouncer> synthesized.


Synthesizing Unit <ALU>.
    Related source file is "ALU.v".
WARNING:Xst:1305 - Output <carry_flag> is never assigned. Tied to value 0.
    Register <B> equivalent to <A> has been removed
    Register <state_b> equivalent to <state> has been removed
WARNING:Xst:2109 - Contents of latch <state> never changes during circuit operation. The latch is removed and the signal is tied to value 00.
WARNING:Xst:2109 - Contents of latch <A> never changes during circuit operation. The latch is removed and the signal is tied to value 00000000.
    Found 8-bit 16-to-1 multiplexer for signal <out_put>.
    Found 8-bit addsub for signal <out_put$addsub0000>.
    Summary:
	inferred   1 Adder/Subtractor(s).
	inferred   8 Multiplexer(s).
Unit <ALU> synthesized.


Synthesizing Unit <ALU_LCD>.
    Related source file is "ALU.v".
WARNING:Xst:647 - Input <rst> is never used. This port will be preserved and left unconnected if it belongs to a top-level block or it belongs to a sub-block and the hierarchy of this sub-block is preserved.
WARNING:Xst:653 - Signal <select> is used but never assigned. This sourceless signal will be automatically connected to value 0.
    Found 1-bit register for signal <a>.
    Found 1-bit register for signal <b>.
    Found 1-bit register for signal <c>.
    Found 1-bit register for signal <d>.
    Found 1-bit register for signal <e>.
    Found 1-bit register for signal <rs>.
    Found 1-bit register for signal <rw>.
    Found 6-bit register for signal <code>.
    Found 27-bit up counter for signal <count>.
    Found 1-bit register for signal <refresh>.
    Summary:
	inferred   1 Counter(s).
	inferred  14 D-type flip-flop(s).
Unit <ALU_LCD> synthesized.

INFO:Xst:1767 - HDL ADVISOR - Resource sharing has identified that some arithmetic operations in this design can share the same physical resources for reduced device utilization. For improved clock frequency you may try to disable resource sharing.

=========================================================================
HDL Synthesis Report

Macro Statistics
# Adders/Subtractors                                   : 1
 8-bit addsub                                          : 1
# Counters                                             : 3
 16-bit up counter                                     : 2
 27-bit up counter                                     : 1
# Registers                                            : 15
 1-bit register                                        : 14
 6-bit register                                        : 1
# Multiplexers                                         : 1
 8-bit 16-to-1 multiplexer                             : 1
# Xors                                                 : 2
 1-bit xor2                                            : 2

=========================================================================

=========================================================================
*                       Advanced HDL Synthesis                          *
=========================================================================

WARNING:Xst:1290 - Hierarchical block <db1> is unconnected in block <uut>.
   It will be removed from the design.
WARNING:Xst:1290 - Hierarchical block <db2> is unconnected in block <uut>.
   It will be removed from the design.
WARNING:Xst:1290 - Hierarchical block <m2> is unconnected in block <ALU_LCD>.
   It will be removed from the design.
WARNING:Xst:1290 - Hierarchical block <m3> is unconnected in block <ALU_LCD>.
   It will be removed from the design.

=========================================================================
Advanced HDL Synthesis Report

Macro Statistics
# Adders/Subtractors                                   : 1
 8-bit addsub                                          : 1
# Counters                                             : 3
 16-bit up counter                                     : 2
 27-bit up counter                                     : 1
# Registers                                            : 20
 Flip-Flops                                            : 20
# Multiplexers                                         : 1
 8-bit 16-to-1 multiplexer                             : 1
# Xors                                                 : 2
 1-bit xor2                                            : 2

=========================================================================

=========================================================================
*                         Low Level Synthesis                           *
=========================================================================
WARNING:Xst:1989 - Unit <ALU>: instances <db1>, <db2> of unit <debouncer> are equivalent, second instance is removed
WARNING:Xst:1710 - FF/Latch <PB_sync_0> (without init value) has a constant value of 0 in block <debouncer>. This FF/Latch will be trimmed during the optimization process.
WARNING:Xst:1710 - FF/Latch <PB_state> (without init value) has a constant value of 0 in block <debouncer>. This FF/Latch will be trimmed during the optimization process.
WARNING:Xst:1895 - Due to other FF/Latch trimming, FF/Latch <PB_sync_1> (without init value) has a constant value of 0 in block <debouncer>. This FF/Latch will be trimmed during the optimization process.
WARNING:Xst:2677 - Node <count_23> of sequential type is unconnected in block <ALU_LCD>.
WARNING:Xst:2677 - Node <count_24> of sequential type is unconnected in block <ALU_LCD>.
WARNING:Xst:2677 - Node <count_25> of sequential type is unconnected in block <ALU_LCD>.
WARNING:Xst:2677 - Node <count_26> of sequential type is unconnected in block <ALU_LCD>.

Optimizing unit <ALU_LCD> ...

Mapping all equations...
Building and optimizing final netlist ...
Found area constraint ratio of 100 (+ 5) on block ALU_LCD, actual ratio is 0.

Final Macro Processing ...

Processing Unit <ALU_LCD> :
	Found 2-bit shift register for signal <a_OBUF>.
	Found 2-bit shift register for signal <e_OBUF>.
Unit <ALU_LCD> processed.

=========================================================================
Final Register Report

Macro Statistics
# Registers                                            : 33
 Flip-Flops                                            : 33
# Shift Registers                                      : 2
 2-bit shift register                                  : 2

=========================================================================

=========================================================================
*                           Partition Report                            *
=========================================================================

Partition Implementation Status
-------------------------------

  No Partitions were found in this design.

-------------------------------

=========================================================================
*                            Final Report                               *
=========================================================================
Final Results
RTL Top Level Output File Name     : ALU_LCD.ngr
Top Level Output File Name         : ALU_LCD
Output Format                      : NGC
Optimization Goal                  : Speed
Keep Hierarchy                     : No

Design Statistics
# IOs                              : 10

Cell Usage :
# BELS                             : 92
#      GND                         : 1
#      INV                         : 1
#      LUT1                        : 22
#      LUT2                        : 1
#      LUT2_L                      : 1
#      LUT3                        : 3
#      LUT3_L                      : 1
#      LUT4                        : 10
#      LUT4_L                      : 1
#      MUXCY                       : 22
#      MUXF5                       : 4
#      MUXF6                       : 1
#      VCC                         : 1
#      XORCY                       : 23
# FlipFlops/Latches                : 35
#      FD                          : 31
#      FDR                         : 2
#      FDS                         : 2
# Shift Registers                  : 2
#      SRL16                       : 2
# Clock Buffers                    : 1
#      BUFGP                       : 1
# IO Buffers                       : 8
#      OBUF                        : 8
=========================================================================

Device utilization summary:
---------------------------

Selected Device : 3s500efg320-5 

 Number of Slices:                       24  out of   4656     0%  
 Number of Slice Flip Flops:             35  out of   9312     0%  
 Number of 4 input LUTs:                 42  out of   9312     0%  
    Number used as logic:                40
    Number used as Shift registers:       2
 Number of IOs:                          10
 Number of bonded IOBs:                   9  out of    232     3%  
 Number of GCLKs:                         1  out of     24     4%  

---------------------------
Partition Resource Summary:
---------------------------

  No Partitions were found in this design.

---------------------------


=========================================================================
TIMING REPORT

NOTE: THESE TIMING NUMBERS ARE ONLY A SYNTHESIS ESTIMATE.
      FOR ACCURATE TIMING INFORMATION PLEASE REFER TO THE TRACE REPORT
      GENERATED AFTER PLACE-and-ROUTE.

Clock Information:
------------------
-----------------------------------+------------------------+-------+
Clock Signal                       | Clock buffer(FF name)  | Load  |
-----------------------------------+------------------------+-------+
clk                                | BUFGP                  | 37    |
-----------------------------------+------------------------+-------+

Asynchronous Control Signals Information:
----------------------------------------
No asynchronous control signals found in this design

Timing Summary:
---------------
Speed Grade: -5

   Minimum period: 4.050ns (Maximum Frequency: 246.923MHz)
   Minimum input arrival time before clock: No path found
   Maximum output required time after clock: 4.040ns
   Maximum combinational path delay: No path found

Timing Detail:
--------------
All values displayed in nanoseconds (ns)

=========================================================================
Timing constraint: Default period analysis for Clock 'clk'
  Clock period: 4.050ns (frequency: 246.923MHz)
  Total number of paths / destination ports: 347 / 41
-------------------------------------------------------------------------
Delay:               4.050ns (Levels of Logic = 3)
  Source:            count_20 (FF)
  Destination:       code_1 (FF)
  Source Clock:      clk rising
  Destination Clock: clk rising

  Data Path: count_20 to code_1
                                Gate     Net
    Cell:in->out      fanout   Delay   Delay  Logical Name (Net Name)
    ----------------------------------------  ------------
     FD:C->Q              12   0.514   0.969  count_20 (count_20)
     LUT2_L:I0->LO         1   0.612   0.103  code_mux0000<4>97 (code_mux0000<4>97)
     LUT4:I3->O            1   0.612   0.360  code_mux0000<4>105 (code_mux0000<4>105)
     LUT4:I3->O            1   0.612   0.000  code_mux0000<4>1471 (code_mux0000<4>147)
     FDS:D                     0.268          code_1
    ----------------------------------------
    Total                      4.050ns (2.618ns logic, 1.432ns route)
                                       (64.6% logic, 35.4% route)

=========================================================================
Timing constraint: Default OFFSET OUT AFTER for Clock 'clk'
  Total number of paths / destination ports: 7 / 7
-------------------------------------------------------------------------
Offset:              4.040ns (Levels of Logic = 1)
  Source:            a_OBUF1 (FF)
  Destination:       a (PAD)
  Source Clock:      clk rising

  Data Path: a_OBUF1 to a
                                Gate     Net
    Cell:in->out      fanout   Delay   Delay  Logical Name (Net Name)
    ----------------------------------------  ------------
     FD:C->Q               1   0.514   0.357  a_OBUF1 (a_OBUF1)
     OBUF:I->O                 3.169          a_OBUF (a)
    ----------------------------------------
    Total                      4.040ns (3.683ns logic, 0.357ns route)
                                       (91.2% logic, 8.8% route)

=========================================================================


Total REAL time to Xst completion: 5.00 secs
Total CPU time to Xst completion: 5.61 secs
 
--> 

Total memory usage is 4519472 kilobytes

Number of errors   :    0 (   0 filtered)
Number of warnings :   27 (   0 filtered)
Number of infos    :    1 (   0 filtered)

