
*** Running vivado
    with args -log mux_4_to_1.vds -m64 -product Vivado -mode batch -messageDb vivado.pb -notrace -source mux_4_to_1.tcl



****** Vivado v2024.1 (64-bit)
  **** SW Build 5076996 on Wed May 22 18:37:14 MDT 2024
  **** IP Build 5075265 on Wed May 22 21:45:21 MDT 2024
  **** SharedData Build 5076995 on Wed May 22 18:29:18 MDT 2024
  **** Start of session at: Fri May  2 11:14:47 2025
    ** Copyright 1986-2022 Xilinx, Inc. All Rights Reserved.
    ** Copyright 2022-2024 Advanced Micro Devices, Inc. All Rights Reserved.

source mux_4_to_1.tcl -notrace
create_project: Time (s): cpu = 00:00:17 ; elapsed = 00:00:22 . Memory (MB): peak = 613.559 ; gain = 201.328
Command: read_checkpoint -auto_incremental -incremental D:/2025/Learning/FPGA_Projects/gate_level_Modeling/gate_level_Modeling.srcs/utils_1/imports/synth_1/mux_4_to_1.dcp
INFO: [Vivado 12-5825] Read reference checkpoint from D:/2025/Learning/FPGA_Projects/gate_level_Modeling/gate_level_Modeling.srcs/utils_1/imports/synth_1/mux_4_to_1.dcp for incremental synthesis
INFO: [Vivado 12-7989] Please ensure there are no constraint changes
Command: synth_design -top mux_4_to_1 -part xc7vx485tffg1157-1
Starting synth_design
Attempting to get a license for feature 'Synthesis' and/or device 'xc7vx485t'
INFO: [Common 17-349] Got license for feature 'Synthesis' and/or device 'xc7vx485t'
INFO: [Device 21-403] Loading part xc7vx485tffg1157-1
INFO: [Device 21-9227] Part: xc7vx485tffg1157-1 does not have CEAM library.
INFO: [Synth 8-7079] Multithreading enabled for synth_design using a maximum of 2 processes.
INFO: [Synth 8-7078] Launching helper process for spawning children vivado processes
INFO: [Synth 8-7075] Helper process launched with PID 33264
---------------------------------------------------------------------------------
Starting RTL Elaboration : Time (s): cpu = 00:00:11 ; elapsed = 00:00:15 . Memory (MB): peak = 1645.543 ; gain = 447.891
---------------------------------------------------------------------------------
INFO: [Synth 8-6157] synthesizing module 'mux_4_to_1' [D:/2025/Learning/FPGA_Projects/gate_level_Modeling/gate_level_Modeling.srcs/sources_1/new/mux_4_to_1.v:4]
INFO: [Synth 8-6155] done synthesizing module 'mux_4_to_1' (0#1) [D:/2025/Learning/FPGA_Projects/gate_level_Modeling/gate_level_Modeling.srcs/sources_1/new/mux_4_to_1.v:4]
---------------------------------------------------------------------------------
Finished RTL Elaboration : Time (s): cpu = 00:00:14 ; elapsed = 00:00:19 . Memory (MB): peak = 1754.117 ; gain = 556.465
---------------------------------------------------------------------------------
---------------------------------------------------------------------------------
Start Handling Custom Attributes
---------------------------------------------------------------------------------
---------------------------------------------------------------------------------
Finished Handling Custom Attributes : Time (s): cpu = 00:00:14 ; elapsed = 00:00:19 . Memory (MB): peak = 1754.117 ; gain = 556.465
---------------------------------------------------------------------------------
---------------------------------------------------------------------------------
Finished RTL Optimization Phase 1 : Time (s): cpu = 00:00:14 ; elapsed = 00:00:19 . Memory (MB): peak = 1754.117 ; gain = 556.465
---------------------------------------------------------------------------------
Netlist sorting complete. Time (s): cpu = 00:00:00 ; elapsed = 00:00:00 . Memory (MB): peak = 1754.117 ; gain = 0.000
INFO: [Project 1-570] Preparing netlist for logic optimization

Processing XDC Constraints
Initializing timing engine
Parsing XDC File [D:/2025/Learning/FPGA_Projects/gate_level_Modeling/gate_level_Modeling.srcs/constrs_1/new/mainconst.xdc]
CRITICAL WARNING: [Vivado 12-4470] I/O Standard 'LVCMOS33' is not supported on 'xc7vx485tffg1157-1' part. [D:/2025/Learning/FPGA_Projects/gate_level_Modeling/gate_level_Modeling.srcs/constrs_1/new/mainconst.xdc:2]
CRITICAL WARNING: [Vivado 12-4470] I/O Standard 'LVCMOS33' is not supported on 'xc7vx485tffg1157-1' part. [D:/2025/Learning/FPGA_Projects/gate_level_Modeling/gate_level_Modeling.srcs/constrs_1/new/mainconst.xdc:13]
CRITICAL WARNING: [Vivado 12-4470] I/O Standard 'LVCMOS33' is not supported on 'xc7vx485tffg1157-1' part. [D:/2025/Learning/FPGA_Projects/gate_level_Modeling/gate_level_Modeling.srcs/constrs_1/new/mainconst.xdc:15]
CRITICAL WARNING: [Vivado 12-4470] I/O Standard 'LVCMOS33' is not supported on 'xc7vx485tffg1157-1' part. [D:/2025/Learning/FPGA_Projects/gate_level_Modeling/gate_level_Modeling.srcs/constrs_1/new/mainconst.xdc:17]
CRITICAL WARNING: [Vivado 12-4470] I/O Standard 'LVCMOS33' is not supported on 'xc7vx485tffg1157-1' part. [D:/2025/Learning/FPGA_Projects/gate_level_Modeling/gate_level_Modeling.srcs/constrs_1/new/mainconst.xdc:19]
CRITICAL WARNING: [Vivado 12-4470] I/O Standard 'LVCMOS33' is not supported on 'xc7vx485tffg1157-1' part. [D:/2025/Learning/FPGA_Projects/gate_level_Modeling/gate_level_Modeling.srcs/constrs_1/new/mainconst.xdc:21]
WARNING: [Vivado 12-584] No ports matched 'S'. [D:/2025/Learning/FPGA_Projects/gate_level_Modeling/gate_level_Modeling.srcs/constrs_1/new/mainconst.xdc:23]
CRITICAL WARNING: [Common 17-55] 'set_property' expects at least one object. [D:/2025/Learning/FPGA_Projects/gate_level_Modeling/gate_level_Modeling.srcs/constrs_1/new/mainconst.xdc:23]
Resolution: If [get_<value>] was used to populate the object, check to make sure this command returns at least one valid object.
WARNING: [Vivado 12-584] No ports matched 'c_in'. [D:/2025/Learning/FPGA_Projects/gate_level_Modeling/gate_level_Modeling.srcs/constrs_1/new/mainconst.xdc:32]
CRITICAL WARNING: [Common 17-55] 'set_property' expects at least one object. [D:/2025/Learning/FPGA_Projects/gate_level_Modeling/gate_level_Modeling.srcs/constrs_1/new/mainconst.xdc:32]
Resolution: If [get_<value>] was used to populate the object, check to make sure this command returns at least one valid object.
WARNING: [Vivado 12-584] No ports matched 'c_in'. [D:/2025/Learning/FPGA_Projects/gate_level_Modeling/gate_level_Modeling.srcs/constrs_1/new/mainconst.xdc:33]
CRITICAL WARNING: [Common 17-55] 'set_property' expects at least one object. [D:/2025/Learning/FPGA_Projects/gate_level_Modeling/gate_level_Modeling.srcs/constrs_1/new/mainconst.xdc:33]
Resolution: If [get_<value>] was used to populate the object, check to make sure this command returns at least one valid object.
Finished Parsing XDC File [D:/2025/Learning/FPGA_Projects/gate_level_Modeling/gate_level_Modeling.srcs/constrs_1/new/mainconst.xdc]
INFO: [Project 1-236] Implementation specific constraints were found while reading constraint file [D:/2025/Learning/FPGA_Projects/gate_level_Modeling/gate_level_Modeling.srcs/constrs_1/new/mainconst.xdc]. These constraints will be ignored for synthesis but will be used in implementation. Impacted constraints are listed in the file [.Xil/mux_4_to_1_propImpl.xdc].
Resolution: To avoid this warning, move constraints listed in [.Xil/mux_4_to_1_propImpl.xdc] to another XDC file and exclude this new file from synthesis with the used_in_synthesis property (File Properties dialog in GUI) and re-run elaboration/synthesis.
Completed Processing XDC Constraints

Netlist sorting complete. Time (s): cpu = 00:00:00 ; elapsed = 00:00:00 . Memory (MB): peak = 1836.098 ; gain = 0.000
INFO: [Project 1-111] Unisim Transformation Summary:
No Unisim elements were transformed.

Constraint Validation Runtime : Time (s): cpu = 00:00:00 ; elapsed = 00:00:00.003 . Memory (MB): peak = 1836.098 ; gain = 0.000
---------------------------------------------------------------------------------
Finished Constraint Validation : Time (s): cpu = 00:00:42 ; elapsed = 00:00:51 . Memory (MB): peak = 1836.098 ; gain = 638.445
---------------------------------------------------------------------------------
---------------------------------------------------------------------------------
Start Loading Part and Timing Information
---------------------------------------------------------------------------------
Loading part: xc7vx485tffg1157-1
---------------------------------------------------------------------------------
Finished Loading Part and Timing Information : Time (s): cpu = 00:00:42 ; elapsed = 00:00:51 . Memory (MB): peak = 1836.098 ; gain = 638.445
---------------------------------------------------------------------------------
---------------------------------------------------------------------------------
Start Applying 'set_property' XDC Constraints
---------------------------------------------------------------------------------
---------------------------------------------------------------------------------
Finished applying 'set_property' XDC Constraints : Time (s): cpu = 00:00:42 ; elapsed = 00:00:51 . Memory (MB): peak = 1836.098 ; gain = 638.445
---------------------------------------------------------------------------------
---------------------------------------------------------------------------------
Start Preparing Guide Design
---------------------------------------------------------------------------------
CRITICAL WARNING: [Synth 8-6895] The reference checkpoint D:/2025/Learning/FPGA_Projects/gate_level_Modeling/gate_level_Modeling.srcs/utils_1/imports/synth_1/mux_4_to_1.dcp is not suitable for use with incremental synthesis for this design. Please regenerate the checkpoint for this design with -incremental_synth switch in the same Vivado session that synth_design has been run. Synthesis will continue with the default flow
---------------------------------------------------------------------------------
Finished Doing Graph Differ : Time (s): cpu = 00:00:43 ; elapsed = 00:00:51 . Memory (MB): peak = 1836.098 ; gain = 638.445
---------------------------------------------------------------------------------
---------------------------------------------------------------------------------
Finished Preparing Guide Design : Time (s): cpu = 00:00:43 ; elapsed = 00:00:51 . Memory (MB): peak = 1836.098 ; gain = 638.445
---------------------------------------------------------------------------------
---------------------------------------------------------------------------------
Finished RTL Optimization Phase 2 : Time (s): cpu = 00:00:43 ; elapsed = 00:00:52 . Memory (MB): peak = 1836.098 ; gain = 638.445
---------------------------------------------------------------------------------


Incremental Synthesis Report Summary:

1. Incremental synthesis run: no

   Reason for not running incremental synthesis : 


INFO: [Synth 8-7130] Flow is switching to default flow due to incremental criteria not met. If you would like to alter this behaviour and have the flow terminate instead, please set the following parameter config_implementation {autoIncr.Synth.RejectBehavior Terminate}
---------------------------------------------------------------------------------
Start RTL Component Statistics 
---------------------------------------------------------------------------------
Detailed RTL Component Info : 
---------------------------------------------------------------------------------
Finished RTL Component Statistics 
---------------------------------------------------------------------------------
---------------------------------------------------------------------------------
Start Part Resource Summary
---------------------------------------------------------------------------------
Part Resources:
DSPs: 2800 (col length:140)
BRAMs: 2060 (col length: RAMB18 140 RAMB36 70)
---------------------------------------------------------------------------------
Finished Part Resource Summary
---------------------------------------------------------------------------------
---------------------------------------------------------------------------------
Start Cross Boundary and Area Optimization
---------------------------------------------------------------------------------
WARNING: [Synth 8-7080] Parallel synthesis criteria is not met
---------------------------------------------------------------------------------
Finished Cross Boundary and Area Optimization : Time (s): cpu = 00:00:48 ; elapsed = 00:00:57 . Memory (MB): peak = 1836.098 ; gain = 638.445
---------------------------------------------------------------------------------
---------------------------------------------------------------------------------
Start Applying XDC Timing Constraints
---------------------------------------------------------------------------------
---------------------------------------------------------------------------------
Finished Applying XDC Timing Constraints : Time (s): cpu = 00:01:14 ; elapsed = 00:01:23 . Memory (MB): peak = 1836.098 ; gain = 638.445
---------------------------------------------------------------------------------
---------------------------------------------------------------------------------
Start Timing Optimization
---------------------------------------------------------------------------------
---------------------------------------------------------------------------------
Finished Timing Optimization : Time (s): cpu = 00:01:14 ; elapsed = 00:01:23 . Memory (MB): peak = 1836.098 ; gain = 638.445
---------------------------------------------------------------------------------
---------------------------------------------------------------------------------
Start Technology Mapping
---------------------------------------------------------------------------------
---------------------------------------------------------------------------------
Finished Technology Mapping : Time (s): cpu = 00:01:14 ; elapsed = 00:01:23 . Memory (MB): peak = 1836.098 ; gain = 638.445
---------------------------------------------------------------------------------
---------------------------------------------------------------------------------
Start IO Insertion
---------------------------------------------------------------------------------
---------------------------------------------------------------------------------
Start Flattening Before IO Insertion
---------------------------------------------------------------------------------
---------------------------------------------------------------------------------
Finished Flattening Before IO Insertion
---------------------------------------------------------------------------------
---------------------------------------------------------------------------------
Start Final Netlist Cleanup
---------------------------------------------------------------------------------
---------------------------------------------------------------------------------
Finished Final Netlist Cleanup
---------------------------------------------------------------------------------
---------------------------------------------------------------------------------
Finished IO Insertion : Time (s): cpu = 00:01:23 ; elapsed = 00:01:33 . Memory (MB): peak = 1836.098 ; gain = 638.445
---------------------------------------------------------------------------------
---------------------------------------------------------------------------------
Start Renaming Generated Instances
---------------------------------------------------------------------------------
---------------------------------------------------------------------------------
Finished Renaming Generated Instances : Time (s): cpu = 00:01:23 ; elapsed = 00:01:33 . Memory (MB): peak = 1836.098 ; gain = 638.445
---------------------------------------------------------------------------------
---------------------------------------------------------------------------------
Start Rebuilding User Hierarchy
---------------------------------------------------------------------------------
---------------------------------------------------------------------------------
Finished Rebuilding User Hierarchy : Time (s): cpu = 00:01:23 ; elapsed = 00:01:33 . Memory (MB): peak = 1836.098 ; gain = 638.445
---------------------------------------------------------------------------------
---------------------------------------------------------------------------------
Start Renaming Generated Ports
---------------------------------------------------------------------------------
---------------------------------------------------------------------------------
Finished Renaming Generated Ports : Time (s): cpu = 00:01:23 ; elapsed = 00:01:33 . Memory (MB): peak = 1836.098 ; gain = 638.445
---------------------------------------------------------------------------------
---------------------------------------------------------------------------------
Start Handling Custom Attributes
---------------------------------------------------------------------------------
---------------------------------------------------------------------------------
Finished Handling Custom Attributes : Time (s): cpu = 00:01:23 ; elapsed = 00:01:33 . Memory (MB): peak = 1836.098 ; gain = 638.445
---------------------------------------------------------------------------------
---------------------------------------------------------------------------------
Start Renaming Generated Nets
---------------------------------------------------------------------------------
---------------------------------------------------------------------------------
Finished Renaming Generated Nets : Time (s): cpu = 00:01:23 ; elapsed = 00:01:33 . Memory (MB): peak = 1836.098 ; gain = 638.445
---------------------------------------------------------------------------------
---------------------------------------------------------------------------------
Start Writing Synthesis Report
---------------------------------------------------------------------------------

Report BlackBoxes: 
+-+--------------+----------+
| |BlackBox name |Instances |
+-+--------------+----------+
+-+--------------+----------+

Report Cell Usage: 
+------+-----+------+
|      |Cell |Count |
+------+-----+------+
|1     |LUT6 |     1|
|2     |IBUF |     6|
|3     |OBUF |     1|
+------+-----+------+
---------------------------------------------------------------------------------
Finished Writing Synthesis Report : Time (s): cpu = 00:01:23 ; elapsed = 00:01:33 . Memory (MB): peak = 1836.098 ; gain = 638.445
---------------------------------------------------------------------------------
Synthesis finished with 0 errors, 1 critical warnings and 1 warnings.
Synthesis Optimization Runtime : Time (s): cpu = 00:01:02 ; elapsed = 00:01:25 . Memory (MB): peak = 1836.098 ; gain = 556.465
Synthesis Optimization Complete : Time (s): cpu = 00:01:23 ; elapsed = 00:01:33 . Memory (MB): peak = 1836.098 ; gain = 638.445
INFO: [Project 1-571] Translating synthesized netlist
Netlist sorting complete. Time (s): cpu = 00:00:00 ; elapsed = 00:00:00 . Memory (MB): peak = 1836.098 ; gain = 0.000
INFO: [Project 1-570] Preparing netlist for logic optimization
INFO: [Opt 31-138] Pushed 0 inverter(s) to 0 load pin(s).
Netlist sorting complete. Time (s): cpu = 00:00:00 ; elapsed = 00:00:00 . Memory (MB): peak = 1836.098 ; gain = 0.000
INFO: [Project 1-111] Unisim Transformation Summary:
No Unisim elements were transformed.

Synth Design complete | Checksum: ad3eb26d
INFO: [Common 17-83] Releasing license: Synthesis
19 Infos, 4 Warnings, 10 Critical Warnings and 0 Errors encountered.
synth_design completed successfully
synth_design: Time (s): cpu = 00:01:43 ; elapsed = 00:01:57 . Memory (MB): peak = 1836.098 ; gain = 1217.867
INFO: [runtcl-6] Synthesis results are not added to the cache due to CRITICAL_WARNING
Write ShapeDB Complete: Time (s): cpu = 00:00:00 ; elapsed = 00:00:00.001 . Memory (MB): peak = 1836.098 ; gain = 0.000
INFO: [Common 17-1381] The checkpoint 'D:/2025/Learning/FPGA_Projects/gate_level_Modeling/gate_level_Modeling.runs/synth_1/mux_4_to_1.dcp' has been generated.
INFO: [Vivado 12-24828] Executing command : report_utilization -file mux_4_to_1_utilization_synth.rpt -pb mux_4_to_1_utilization_synth.pb
INFO: [Common 17-206] Exiting Vivado at Fri May  2 11:17:28 2025...
